[ 2016-03-20T20:44:07+08:00 ] 127.0.0.1 /thinkphp/css/style.css
INFO: [ app_init ] --START--
INFO: Run Behavior\BuildLiteBehavior [ RunTime:0.000042s ]
INFO: [ app_init ] --END-- [ RunTime:0.004176s ]
ERR: 无法加载模块:Thinkphp

[ 2016-03-20T20:44:09+08:00 ] 127.0.0.1 /thinkphp/css/style.css
INFO: [ app_init ] --START--
INFO: Run Behavior\BuildLiteBehavior [ RunTime:0.000040s ]
INFO: [ app_init ] --END-- [ RunTime:0.001614s ]
ERR: 无法加载模块:Thinkphp

[ 2016-03-20T20:44:11+08:00 ] 127.0.0.1 /thinkphp/css/style.css
INFO: [ app_init ] --START--
INFO: Run Behavior\BuildLiteBehavior [ RunTime:0.000033s ]
INFO: [ app_init ] --END-- [ RunTime:0.001332s ]
ERR: 无法加载模块:Thinkphp

[ 2016-03-20T20:44:12+08:00 ] 127.0.0.1 /thinkphp/css/style.css
INFO: [ app_init ] --START--
INFO: Run Behavior\BuildLiteBehavior [ RunTime:0.001173s ]
INFO: [ app_init ] --END-- [ RunTime:0.003073s ]
ERR: 无法加载模块:Thinkphp

[ 2016-03-20T20:45:22+08:00 ] 127.0.0.1 /thinkphp/css/style.css
INFO: [ app_init ] --START--
INFO: Run Behavior\BuildLiteBehavior [ RunTime:0.000055s ]
INFO: [ app_init ] --END-- [ RunTime:0.001956s ]
ERR: 无法加载模块:Thinkphp

[ 2016-03-20T20:45:25+08:00 ] 127.0.0.1 /thinkphp/css/style.css
INFO: [ app_init ] --START--
INFO: Run Behavior\BuildLiteBehavior [ RunTime:0.000042s ]
INFO: [ app_init ] --END-- [ RunTime:0.001945s ]
ERR: 无法加载模块:Thinkphp

[ 2016-03-20T20:45:31+08:00 ] 127.0.0.1 /thinkphp/css/style.css
INFO: [ app_init ] --START--
INFO: Run Behavior\BuildLiteBehavior [ RunTime:0.000043s ]
INFO: [ app_init ] --END-- [ RunTime:0.001939s ]
ERR: 无法加载模块:Thinkphp

[ 2016-03-20T20:45:41+08:00 ] 127.0.0.1 /thinkphp/css/style.css
INFO: [ app_init ] --START--
INFO: Run Behavior\BuildLiteBehavior [ RunTime:0.000041s ]
INFO: [ app_init ] --END-- [ RunTime:0.002244s ]
ERR: 无法加载模块:Thinkphp

[ 2016-03-20T20:45:44+08:00 ] 127.0.0.1 /thinkphp/css/style.css
INFO: [ app_init ] --START--
INFO: Run Behavior\BuildLiteBehavior [ RunTime:0.000042s ]
INFO: [ app_init ] --END-- [ RunTime:0.002023s ]
ERR: 无法加载模块:Thinkphp

[ 2016-03-20T20:46:33+08:00 ] 127.0.0.1 /thinkphp/css/style.css
INFO: [ app_init ] --START--
INFO: Run Behavior\BuildLiteBehavior [ RunTime:0.000035s ]
INFO: [ app_init ] --END-- [ RunTime:0.001348s ]
ERR: 无法加载模块:Thinkphp

[ 2016-03-20T20:46:56+08:00 ] 127.0.0.1 /thinkphp/css/style.css
INFO: [ app_init ] --START--
INFO: Run Behavior\BuildLiteBehavior [ RunTime:0.000039s ]
INFO: [ app_init ] --END-- [ RunTime:0.001513s ]
ERR: 无法加载模块:Thinkphp

[ 2016-03-20T20:46:58+08:00 ] 127.0.0.1 /thinkphp/css/style.css
INFO: [ app_init ] --START--
INFO: Run Behavior\BuildLiteBehavior [ RunTime:0.000040s ]
INFO: [ app_init ] --END-- [ RunTime:0.001581s ]
ERR: 无法加载模块:Thinkphp

[ 2016-03-20T20:47:01+08:00 ] 127.0.0.1 /thinkphp/css/style.css
INFO: [ app_init ] --START--
INFO: Run Behavior\BuildLiteBehavior [ RunTime:0.000044s ]
INFO: [ app_init ] --END-- [ RunTime:0.002151s ]
ERR: 无法加载模块:Thinkphp

